WARNING:werkzeug: * Debugger is active!
INFO:werkzeug: * Debugger PIN: 779-996-658
INFO:werkzeug:127.0.0.1 - - [13/May/2024 00:25:23] "GET /dashboard HTTP/1.1" 200 -
INFO:werkzeug:127.0.0.1 - - [13/May/2024 00:25:24] "[33mGET /dashboard.css HTTP/1.1[0m" 404 -
INFO:werkzeug:127.0.0.1 - - [13/May/2024 00:25:24] "[33mGET /scripts.js HTTP/1.1[0m" 404 -
INFO:werkzeug:127.0.0.1 - - [13/May/2024 00:25:24] "[33mGET /dashboard.js HTTP/1.1[0m" 404 -
INFO:werkzeug:127.0.0.1 - - [13/May/2024 00:25:24] "[36mGET /static/dashboard.css HTTP/1.1[0m" 304 -
INFO:werkzeug:127.0.0.1 - - [13/May/2024 00:25:24] "[36mGET /static/dashboard.js HTTP/1.1[0m" 304 -
INFO:werkzeug:127.0.0.1 - - [13/May/2024 00:25:24] "[36mGET /static/scripts.js HTTP/1.1[0m" 304 -
INFO:werkzeug:127.0.0.1 - - [13/May/2024 00:25:24] "GET /get_items HTTP/1.1" 200 -
INFO:werkzeug:127.0.0.1 - - [13/May/2024 00:25:54] "GET /dashboard HTTP/1.1" 200 -
INFO:werkzeug:127.0.0.1 - - [13/May/2024 00:25:54] "[33mGET /dashboard.css HTTP/1.1[0m" 404 -
INFO:werkzeug:127.0.0.1 - - [13/May/2024 00:25:54] "[33mGET /scripts.js HTTP/1.1[0m" 404 -
INFO:werkzeug:127.0.0.1 - - [13/May/2024 00:25:54] "[33mGET /dashboard.js HTTP/1.1[0m" 404 -
INFO:werkzeug:127.0.0.1 - - [13/May/2024 00:25:54] "[36mGET /static/scripts.js HTTP/1.1[0m" 304 -
INFO:werkzeug:127.0.0.1 - - [13/May/2024 00:25:54] "[36mGET /static/dashboard.css HTTP/1.1[0m" 304 -
INFO:werkzeug:127.0.0.1 - - [13/May/2024 00:25:54] "[36mGET /static/dashboard.js HTTP/1.1[0m" 304 -
INFO:werkzeug:127.0.0.1 - - [13/May/2024 00:25:54] "GET /get_items HTTP/1.1" 200 -
INFO:werkzeug:127.0.0.1 - - [13/May/2024 00:26:02] "GET / HTTP/1.1" 200 -
INFO:werkzeug:127.0.0.1 - - [13/May/2024 00:26:02] "[33mGET /style.css HTTP/1.1[0m" 404 -
INFO:werkzeug:127.0.0.1 - - [13/May/2024 00:26:02] "[33mGET /script.js HTTP/1.1[0m" 404 -
INFO:werkzeug:127.0.0.1 - - [13/May/2024 00:26:02] "GET /static/style.css HTTP/1.1" 200 -
INFO:werkzeug:127.0.0.1 - - [13/May/2024 00:26:02] "GET /static/script.js HTTP/1.1" 200 -
INFO:werkzeug:127.0.0.1 - - [13/May/2024 00:26:13] "POST /login HTTP/1.1" 200 -
INFO:werkzeug:127.0.0.1 - - [13/May/2024 00:26:13] "GET /dashboard HTTP/1.1" 200 -
INFO:werkzeug:127.0.0.1 - - [13/May/2024 00:26:13] "[33mGET /dashboard.css HTTP/1.1[0m" 404 -
INFO:werkzeug:127.0.0.1 - - [13/May/2024 00:26:13] "[33mGET /scripts.js HTTP/1.1[0m" 404 -
INFO:werkzeug:127.0.0.1 - - [13/May/2024 00:26:13] "[36mGET /static/dashboard.css HTTP/1.1[0m" 304 -
INFO:werkzeug:127.0.0.1 - - [13/May/2024 00:26:13] "[33mGET /dashboard.js HTTP/1.1[0m" 404 -
INFO:werkzeug:127.0.0.1 - - [13/May/2024 00:26:13] "[36mGET /static/scripts.js HTTP/1.1[0m" 304 -
INFO:werkzeug:127.0.0.1 - - [13/May/2024 00:26:13] "[36mGET /static/dashboard.js HTTP/1.1[0m" 304 -
INFO:werkzeug:127.0.0.1 - - [13/May/2024 00:26:13] "GET /get_items HTTP/1.1" 200 -
INFO:werkzeug: * Detected change in 'C:\\Users\\USER\\Downloads\\project\\import.py', reloading
WARNING:werkzeug: * Debugger is active!
INFO:werkzeug: * Debugger PIN: 779-996-658
INFO:werkzeug:127.0.0.1 - - [13/May/2024 00:40:18] "GET / HTTP/1.1" 200 -
INFO:werkzeug:127.0.0.1 - - [13/May/2024 00:40:18] "[33mGET /style.css HTTP/1.1[0m" 404 -
INFO:werkzeug:127.0.0.1 - - [13/May/2024 00:40:18] "[33mGET /script.js HTTP/1.1[0m" 404 -
INFO:werkzeug:127.0.0.1 - - [13/May/2024 00:40:18] "[36mGET /static/style.css HTTP/1.1[0m" 304 -
INFO:werkzeug:127.0.0.1 - - [13/May/2024 00:40:18] "[36mGET /static/script.js HTTP/1.1[0m" 304 -
INFO:werkzeug:127.0.0.1 - - [13/May/2024 00:40:19] "GET / HTTP/1.1" 200 -
INFO:werkzeug:127.0.0.1 - - [13/May/2024 00:40:19] "[33mGET /style.css HTTP/1.1[0m" 404 -
INFO:werkzeug:127.0.0.1 - - [13/May/2024 00:40:19] "[36mGET /static/style.css HTTP/1.1[0m" 304 -
INFO:werkzeug:127.0.0.1 - - [13/May/2024 00:40:19] "[33mGET /script.js HTTP/1.1[0m" 404 -
INFO:werkzeug:127.0.0.1 - - [13/May/2024 00:40:19] "[36mGET /static/script.js HTTP/1.1[0m" 304 -
INFO:werkzeug:127.0.0.1 - - [13/May/2024 00:40:29] "POST /login HTTP/1.1" 200 -
INFO:werkzeug:127.0.0.1 - - [13/May/2024 00:40:29] "GET /dashboard HTTP/1.1" 200 -
INFO:werkzeug:127.0.0.1 - - [13/May/2024 00:40:29] "[33mGET /dashboard.css HTTP/1.1[0m" 404 -
INFO:werkzeug:127.0.0.1 - - [13/May/2024 00:40:29] "[33mGET /scripts.js HTTP/1.1[0m" 404 -
INFO:werkzeug:127.0.0.1 - - [13/May/2024 00:40:29] "[36mGET /static/dashboard.css HTTP/1.1[0m" 304 -
INFO:werkzeug:127.0.0.1 - - [13/May/2024 00:40:29] "[33mGET /dashboard.js HTTP/1.1[0m" 404 -
INFO:werkzeug:127.0.0.1 - - [13/May/2024 00:40:29] "[36mGET /static/scripts.js HTTP/1.1[0m" 304 -
INFO:werkzeug:127.0.0.1 - - [13/May/2024 00:40:29] "[36mGET /static/dashboard.js HTTP/1.1[0m" 304 -
INFO:werkzeug:127.0.0.1 - - [13/May/2024 00:40:29] "[31m[1mGET /get_items HTTP/1.1[0m" 401 -
INFO:werkzeug:[31m[1mWARNING: This is a development server. Do not use it in a production deployment. Use a production WSGI server instead.[0m
 * Running on all addresses (0.0.0.0)
 * Running on http://127.0.0.1:5001
 * Running on http://192.168.193.228:5001
INFO:werkzeug:[33mPress CTRL+C to quit[0m
INFO:werkzeug: * Restarting with stat
WARNING:werkzeug: * Debugger is active!
INFO:werkzeug: * Debugger PIN: 779-996-658
INFO:werkzeug: * Detected change in 'C:\\Users\\USER\\Downloads\\project\\import.py', reloading
INFO:werkzeug: * Restarting with stat
WARNING:werkzeug: * Debugger is active!
INFO:werkzeug: * Debugger PIN: 779-996-658
INFO:werkzeug: * Detected change in 'C:\\Users\\USER\\Downloads\\project\\import.py', reloading
INFO:werkzeug: * Restarting with stat
WARNING:werkzeug: * Debugger is active!
INFO:werkzeug: * Debugger PIN: 779-996-658
INFO:werkzeug:127.0.0.1 - - [13/May/2024 00:45:22] "[35m[1mGET /dashboard HTTP/1.1[0m" 500 -
INFO:werkzeug:127.0.0.1 - - [13/May/2024 00:45:22] "GET /dashboard?__debugger__=yes&cmd=resource&f=style.css HTTP/1.1" 200 -
INFO:werkzeug:127.0.0.1 - - [13/May/2024 00:45:22] "GET /dashboard?__debugger__=yes&cmd=resource&f=debugger.js HTTP/1.1" 200 -
INFO:werkzeug:127.0.0.1 - - [13/May/2024 00:45:22] "GET /dashboard?__debugger__=yes&cmd=resource&f=console.png HTTP/1.1" 200 -
INFO:werkzeug:127.0.0.1 - - [13/May/2024 00:45:22] "[36mGET /dashboard?__debugger__=yes&cmd=resource&f=console.png HTTP/1.1[0m" 304 -
INFO:werkzeug: * Detected change in 'C:\\Users\\USER\\Downloads\\project\\import.py', reloading
INFO:werkzeug: * Restarting with stat
WARNING:werkzeug: * Debugger is active!
INFO:werkzeug: * Debugger PIN: 779-996-658
INFO:werkzeug:127.0.0.1 - - [13/May/2024 00:46:19] "[35m[1mGET /dashboard HTTP/1.1[0m" 500 -
INFO:werkzeug:127.0.0.1 - - [13/May/2024 00:46:19] "[36mGET /dashboard?__debugger__=yes&cmd=resource&f=style.css HTTP/1.1[0m" 304 -
INFO:werkzeug:127.0.0.1 - - [13/May/2024 00:46:19] "[36mGET /dashboard?__debugger__=yes&cmd=resource&f=debugger.js HTTP/1.1[0m" 304 -
INFO:werkzeug:127.0.0.1 - - [13/May/2024 00:46:19] "[36mGET /dashboard?__debugger__=yes&cmd=resource&f=console.png HTTP/1.1[0m" 304 -
INFO:werkzeug:127.0.0.1 - - [13/May/2024 00:46:19] "[36mGET /dashboard?__debugger__=yes&cmd=resource&f=console.png HTTP/1.1[0m" 304 -
INFO:werkzeug:127.0.0.1 - - [13/May/2024 00:46:20] "[35m[1mGET /dashboard HTTP/1.1[0m" 500 -
INFO:werkzeug:127.0.0.1 - - [13/May/2024 00:46:20] "[36mGET /dashboard?__debugger__=yes&cmd=resource&f=style.css HTTP/1.1[0m" 304 -
INFO:werkzeug:127.0.0.1 - - [13/May/2024 00:46:20] "[36mGET /dashboard?__debugger__=yes&cmd=resource&f=debugger.js HTTP/1.1[0m" 304 -
INFO:werkzeug:127.0.0.1 - - [13/May/2024 00:46:20] "[36mGET /dashboard?__debugger__=yes&cmd=resource&f=console.png HTTP/1.1[0m" 304 -
INFO:werkzeug:127.0.0.1 - - [13/May/2024 00:46:20] "[36mGET /dashboard?__debugger__=yes&cmd=resource&f=console.png HTTP/1.1[0m" 304 -
INFO:werkzeug:127.0.0.1 - - [13/May/2024 00:46:24] "[35m[1mGET / HTTP/1.1[0m" 500 -
INFO:werkzeug:127.0.0.1 - - [13/May/2024 00:46:24] "GET /?__debugger__=yes&cmd=resource&f=style.css HTTP/1.1" 200 -
INFO:werkzeug:127.0.0.1 - - [13/May/2024 00:46:24] "GET /?__debugger__=yes&cmd=resource&f=debugger.js HTTP/1.1" 200 -
INFO:werkzeug:127.0.0.1 - - [13/May/2024 00:46:24] "GET /?__debugger__=yes&cmd=resource&f=console.png HTTP/1.1" 200 -
INFO:werkzeug:127.0.0.1 - - [13/May/2024 00:46:24] "[36mGET /?__debugger__=yes&cmd=resource&f=console.png HTTP/1.1[0m" 304 -
INFO:werkzeug: * Detected change in 'C:\\Users\\USER\\Downloads\\project\\import.py', reloading
INFO:werkzeug: * Restarting with stat
WARNING:werkzeug: * Debugger is active!
INFO:werkzeug: * Debugger PIN: 779-996-658
INFO:werkzeug:127.0.0.1 - - [13/May/2024 00:46:53] "[35m[1mGET / HTTP/1.1[0m" 500 -
INFO:werkzeug:127.0.0.1 - - [13/May/2024 00:46:54] "[36mGET /?__debugger__=yes&cmd=resource&f=style.css HTTP/1.1[0m" 304 -
INFO:werkzeug:127.0.0.1 - - [13/May/2024 00:46:54] "[36mGET /?__debugger__=yes&cmd=resource&f=debugger.js HTTP/1.1[0m" 304 -
INFO:werkzeug:127.0.0.1 - - [13/May/2024 00:46:54] "[36mGET /?__debugger__=yes&cmd=resource&f=console.png HTTP/1.1[0m" 304 -
INFO:werkzeug:127.0.0.1 - - [13/May/2024 00:46:54] "[36mGET /?__debugger__=yes&cmd=resource&f=console.png HTTP/1.1[0m" 304 -
INFO:werkzeug:127.0.0.1 - - [13/May/2024 00:46:54] "[35m[1mGET / HTTP/1.1[0m" 500 -
INFO:werkzeug:127.0.0.1 - - [13/May/2024 00:46:54] "[36mGET /?__debugger__=yes&cmd=resource&f=style.css HTTP/1.1[0m" 304 -
INFO:werkzeug:127.0.0.1 - - [13/May/2024 00:46:54] "[36mGET /?__debugger__=yes&cmd=resource&f=debugger.js HTTP/1.1[0m" 304 -
INFO:werkzeug:127.0.0.1 - - [13/May/2024 00:46:54] "[36mGET /?__debugger__=yes&cmd=resource&f=console.png HTTP/1.1[0m" 304 -
INFO:werkzeug:127.0.0.1 - - [13/May/2024 00:46:54] "[36mGET /?__debugger__=yes&cmd=resource&f=console.png HTTP/1.1[0m" 304 -
INFO:werkzeug:127.0.0.1 - - [13/May/2024 00:46:55] "[35m[1mGET / HTTP/1.1[0m" 500 -
INFO:werkzeug:127.0.0.1 - - [13/May/2024 00:46:55] "[36mGET /?__debugger__=yes&cmd=resource&f=style.css HTTP/1.1[0m" 304 -
INFO:werkzeug:127.0.0.1 - - [13/May/2024 00:46:55] "[36mGET /?__debugger__=yes&cmd=resource&f=debugger.js HTTP/1.1[0m" 304 -
INFO:werkzeug:127.0.0.1 - - [13/May/2024 00:46:55] "[36mGET /?__debugger__=yes&cmd=resource&f=console.png HTTP/1.1[0m" 304 -
INFO:werkzeug:127.0.0.1 - - [13/May/2024 00:46:55] "[36mGET /?__debugger__=yes&cmd=resource&f=console.png HTTP/1.1[0m" 304 -
INFO:werkzeug: * Detected change in 'C:\\Users\\USER\\Downloads\\project\\import.py', reloading
INFO:werkzeug: * Restarting with stat
WARNING:werkzeug: * Debugger is active!
INFO:werkzeug: * Debugger PIN: 779-996-658
INFO:werkzeug:127.0.0.1 - - [13/May/2024 00:49:13] "[35m[1mGET / HTTP/1.1[0m" 500 -
INFO:werkzeug:127.0.0.1 - - [13/May/2024 00:49:13] "[36mGET /?__debugger__=yes&cmd=resource&f=debugger.js HTTP/1.1[0m" 304 -
INFO:werkzeug:127.0.0.1 - - [13/May/2024 00:49:13] "[36mGET /?__debugger__=yes&cmd=resource&f=style.css HTTP/1.1[0m" 304 -
INFO:werkzeug:127.0.0.1 - - [13/May/2024 00:49:13] "[36mGET /?__debugger__=yes&cmd=resource&f=console.png HTTP/1.1[0m" 304 -
INFO:werkzeug:127.0.0.1 - - [13/May/2024 00:49:13] "[36mGET /?__debugger__=yes&cmd=resource&f=console.png HTTP/1.1[0m" 304 -
INFO:werkzeug:[31m[1mWARNING: This is a development server. Do not use it in a production deployment. Use a production WSGI server instead.[0m
 * Running on all addresses (0.0.0.0)
 * Running on http://127.0.0.1:5000
 * Running on http://192.168.193.228:5000
INFO:werkzeug:[33mPress CTRL+C to quit[0m
INFO:werkzeug: * Restarting with stat
WARNING:werkzeug: * Debugger is active!
INFO:werkzeug: * Debugger PIN: 779-996-658
INFO:werkzeug:127.0.0.1 - - [13/May/2024 00:49:57] "[35m[1mGET / HTTP/1.1[0m" 500 -
INFO:werkzeug:127.0.0.1 - - [13/May/2024 00:49:57] "GET /?__debugger__=yes&cmd=resource&f=debugger.js HTTP/1.1" 200 -
INFO:werkzeug:127.0.0.1 - - [13/May/2024 00:49:57] "GET /?__debugger__=yes&cmd=resource&f=style.css HTTP/1.1" 200 -
INFO:werkzeug:127.0.0.1 - - [13/May/2024 00:49:57] "GET /?__debugger__=yes&cmd=resource&f=console.png HTTP/1.1" 200 -
INFO:werkzeug:127.0.0.1 - - [13/May/2024 00:49:57] "[36mGET /?__debugger__=yes&cmd=resource&f=console.png HTTP/1.1[0m" 304 -
INFO:werkzeug: * Detected change in 'C:\\Users\\USER\\Downloads\\project\\import.py', reloading
INFO:werkzeug: * Restarting with stat
WARNING:werkzeug: * Debugger is active!
INFO:werkzeug: * Debugger PIN: 779-996-658
INFO:werkzeug:127.0.0.1 - - [13/May/2024 00:51:11] "GET / HTTP/1.1" 200 -
INFO:werkzeug:127.0.0.1 - - [13/May/2024 00:51:11] "[33mGET /style.css HTTP/1.1[0m" 404 -
INFO:werkzeug:127.0.0.1 - - [13/May/2024 00:51:11] "[33mGET /script.js HTTP/1.1[0m" 404 -
INFO:werkzeug:127.0.0.1 - - [13/May/2024 00:51:11] "[36mGET /static/style.css HTTP/1.1[0m" 304 -
INFO:werkzeug:127.0.0.1 - - [13/May/2024 00:51:11] "[36mGET /static/script.js HTTP/1.1[0m" 304 -
INFO:werkzeug: * Detected change in 'C:\\Users\\USER\\Downloads\\project\\import.py', reloading
INFO:werkzeug: * Restarting with stat
WARNING:werkzeug: * Debugger is active!
INFO:werkzeug: * Debugger PIN: 779-996-658
INFO:werkzeug:[31m[1mWARNING: This is a development server. Do not use it in a production deployment. Use a production WSGI server instead.[0m
 * Running on all addresses (0.0.0.0)
 * Running on http://127.0.0.1:5000
 * Running on http://192.168.193.228:5000
INFO:werkzeug:[33mPress CTRL+C to quit[0m
INFO:werkzeug: * Restarting with stat
WARNING:werkzeug: * Debugger is active!
INFO:werkzeug: * Debugger PIN: 779-996-658
INFO:werkzeug:127.0.0.1 - - [13/May/2024 01:04:19] "POST /login HTTP/1.1" 200 -
INFO:werkzeug:127.0.0.1 - - [13/May/2024 01:04:19] "GET /dashboard HTTP/1.1" 200 -
INFO:werkzeug:127.0.0.1 - - [13/May/2024 01:04:19] "[33mGET /dashboard.css HTTP/1.1[0m" 404 -
INFO:werkzeug:127.0.0.1 - - [13/May/2024 01:04:19] "[33mGET /dashboard.js HTTP/1.1[0m" 404 -
INFO:werkzeug:127.0.0.1 - - [13/May/2024 01:04:19] "[33mGET /scripts.js HTTP/1.1[0m" 404 -
INFO:werkzeug:127.0.0.1 - - [13/May/2024 01:04:20] "[36mGET /static/dashboard.css HTTP/1.1[0m" 304 -
INFO:werkzeug:127.0.0.1 - - [13/May/2024 01:04:20] "[36mGET /static/dashboard.js HTTP/1.1[0m" 304 -
INFO:werkzeug:127.0.0.1 - - [13/May/2024 01:04:20] "[36mGET /static/scripts.js HTTP/1.1[0m" 304 -
INFO:werkzeug:127.0.0.1 - - [13/May/2024 01:04:20] "[31m[1mGET /get_items HTTP/1.1[0m" 401 -
INFO:werkzeug:127.0.0.1 - - [13/May/2024 01:05:14] "[33mPOST /update_item HTTP/1.1[0m" 404 -
INFO:werkzeug:127.0.0.1 - - [13/May/2024 01:05:14] "GET /dashboard HTTP/1.1" 200 -
INFO:werkzeug:127.0.0.1 - - [13/May/2024 01:05:14] "[33mGET /dashboard.css HTTP/1.1[0m" 404 -
INFO:werkzeug:127.0.0.1 - - [13/May/2024 01:05:14] "[33mGET /scripts.js HTTP/1.1[0m" 404 -
INFO:werkzeug:127.0.0.1 - - [13/May/2024 01:05:14] "[33mGET /dashboard.js HTTP/1.1[0m" 404 -
INFO:werkzeug:127.0.0.1 - - [13/May/2024 01:05:14] "[36mGET /static/dashboard.css HTTP/1.1[0m" 304 -
INFO:werkzeug:127.0.0.1 - - [13/May/2024 01:05:14] "[36mGET /static/scripts.js HTTP/1.1[0m" 304 -
INFO:werkzeug:127.0.0.1 - - [13/May/2024 01:05:14] "[36mGET /static/dashboard.js HTTP/1.1[0m" 304 -
INFO:werkzeug:127.0.0.1 - - [13/May/2024 01:05:14] "[31m[1mGET /get_items HTTP/1.1[0m" 401 -
INFO:werkzeug:[31m[1mWARNING: This is a development server. Do not use it in a production deployment. Use a production WSGI server instead.[0m
 * Running on http://127.0.0.1:5000
INFO:werkzeug:[33mPress CTRL+C to quit[0m
INFO:werkzeug:127.0.0.1 - - [15/May/2024 11:20:16] "GET / HTTP/1.1" 200 -
INFO:werkzeug:127.0.0.1 - - [15/May/2024 11:20:16] "[33mGET /style.css HTTP/1.1[0m" 404 -
INFO:werkzeug:127.0.0.1 - - [15/May/2024 11:20:16] "[33mGET /script.js HTTP/1.1[0m" 404 -
INFO:werkzeug:127.0.0.1 - - [15/May/2024 11:20:16] "GET /static/style.css HTTP/1.1" 200 -
INFO:werkzeug:127.0.0.1 - - [15/May/2024 11:20:16] "GET /static/script.js HTTP/1.1" 200 -
INFO:werkzeug:127.0.0.1 - - [15/May/2024 11:20:16] "[33mGET /favicon.ico HTTP/1.1[0m" 404 -
INFO:werkzeug:127.0.0.1 - - [15/May/2024 11:22:24] "GET /?password=08023029886 HTTP/1.1" 200 -
INFO:werkzeug:127.0.0.1 - - [15/May/2024 11:22:24] "[36mGET /static/style.css HTTP/1.1[0m" 304 -
INFO:werkzeug:127.0.0.1 - - [15/May/2024 11:22:24] "[33mGET /style.css HTTP/1.1[0m" 404 -
INFO:werkzeug:127.0.0.1 - - [15/May/2024 11:22:24] "[33mGET /script.js HTTP/1.1[0m" 404 -
INFO:werkzeug:127.0.0.1 - - [15/May/2024 11:22:24] "[36mGET /static/script.js HTTP/1.1[0m" 304 -
INFO:werkzeug:127.0.0.1 - - [15/May/2024 11:22:41] "POST /login HTTP/1.1" 200 -
INFO:werkzeug:127.0.0.1 - - [15/May/2024 11:22:41] "GET /dashboard HTTP/1.1" 200 -
INFO:werkzeug:127.0.0.1 - - [15/May/2024 11:22:41] "[33mGET /dashboard.css HTTP/1.1[0m" 404 -
INFO:werkzeug:127.0.0.1 - - [15/May/2024 11:22:41] "[33mGET /scripts.js HTTP/1.1[0m" 404 -
INFO:werkzeug:127.0.0.1 - - [15/May/2024 11:22:41] "GET /static/dashboard.css HTTP/1.1" 200 -
INFO:werkzeug:127.0.0.1 - - [15/May/2024 11:22:41] "[33mGET /dashboard.js HTTP/1.1[0m" 404 -
INFO:werkzeug:127.0.0.1 - - [15/May/2024 11:22:41] "GET /static/scripts.js HTTP/1.1" 200 -
INFO:werkzeug:127.0.0.1 - - [15/May/2024 11:22:41] "GET /static/dashboard.js HTTP/1.1" 200 -
INFO:werkzeug:127.0.0.1 - - [15/May/2024 11:22:41] "[31m[1mGET /get_items HTTP/1.1[0m" 401 -
INFO:werkzeug:127.0.0.1 - - [15/May/2024 11:29:08] "POST /login HTTP/1.1" 200 -
INFO:werkzeug:127.0.0.1 - - [15/May/2024 11:29:08] "GET /dashboard HTTP/1.1" 200 -
INFO:werkzeug:127.0.0.1 - - [15/May/2024 11:29:08] "[33mGET /dashboard.css HTTP/1.1[0m" 404 -
INFO:werkzeug:127.0.0.1 - - [15/May/2024 11:29:08] "[36mGET /static/dashboard.css HTTP/1.1[0m" 304 -
INFO:werkzeug:127.0.0.1 - - [15/May/2024 11:29:08] "[33mGET /scripts.js HTTP/1.1[0m" 404 -
INFO:werkzeug:127.0.0.1 - - [15/May/2024 11:29:08] "[33mGET /dashboard.js HTTP/1.1[0m" 404 -
INFO:werkzeug:127.0.0.1 - - [15/May/2024 11:29:08] "[36mGET /static/scripts.js HTTP/1.1[0m" 304 -
INFO:werkzeug:127.0.0.1 - - [15/May/2024 11:29:08] "[36mGET /static/dashboard.js HTTP/1.1[0m" 304 -
INFO:werkzeug:127.0.0.1 - - [15/May/2024 11:29:08] "[31m[1mGET /get_items HTTP/1.1[0m" 401 -
ERROR:root:An error occurred: (MySQLdb.IntegrityError) (1062, "Duplicate entry 'embroconnect3@gmail.com' for key 'user_profile.email'")
[SQL: INSERT INTO user_profile (regno, name, email, phone, department, address, level, password) VALUES (%s, %s, %s, %s, %s, %s, %s, %s)]
[parameters: ('2022/123456', 'chijioke', 'embroconnect3@gmail.com', '07088099773', 'statistics', 'hilltop', '200', '08023029886')]
(Background on this error at: https://sqlalche.me/e/20/gkpj)
Traceback (most recent call last):
  File "C:\Users\USER\AppData\Local\Packages\PythonSoftwareFoundation.Python.3.12_qbz5n2kfra8p0\LocalCache\local-packages\Python312\site-packages\sqlalchemy\engine\base.py", line 1967, in _exec_single_context
    self.dialect.do_execute(
  File "C:\Users\USER\AppData\Local\Packages\PythonSoftwareFoundation.Python.3.12_qbz5n2kfra8p0\LocalCache\local-packages\Python312\site-packages\sqlalchemy\engine\default.py", line 924, in do_execute
    cursor.execute(statement, parameters)
  File "C:\Users\USER\AppData\Local\Packages\PythonSoftwareFoundation.Python.3.12_qbz5n2kfra8p0\LocalCache\local-packages\Python312\site-packages\MySQLdb\cursors.py", line 179, in execute
    res = self._query(mogrified_query)
          ^^^^^^^^^^^^^^^^^^^^^^^^^^^^
  File "C:\Users\USER\AppData\Local\Packages\PythonSoftwareFoundation.Python.3.12_qbz5n2kfra8p0\LocalCache\local-packages\Python312\site-packages\MySQLdb\cursors.py", line 330, in _query
    db.query(q)
  File "C:\Users\USER\AppData\Local\Packages\PythonSoftwareFoundation.Python.3.12_qbz5n2kfra8p0\LocalCache\local-packages\Python312\site-packages\MySQLdb\connections.py", line 261, in query
    _mysql.connection.query(self, query)
MySQLdb.IntegrityError: (1062, "Duplicate entry 'embroconnect3@gmail.com' for key 'user_profile.email'")

The above exception was the direct cause of the following exception:

Traceback (most recent call last):
  File "C:\Users\USER\Downloads\project\import.py", line 101, in add_user
    db.session.commit()
  File "C:\Users\USER\AppData\Local\Packages\PythonSoftwareFoundation.Python.3.12_qbz5n2kfra8p0\LocalCache\local-packages\Python312\site-packages\sqlalchemy\orm\scoping.py", line 597, in commit
    return self._proxied.commit()
           ^^^^^^^^^^^^^^^^^^^^^^
  File "C:\Users\USER\AppData\Local\Packages\PythonSoftwareFoundation.Python.3.12_qbz5n2kfra8p0\LocalCache\local-packages\Python312\site-packages\sqlalchemy\orm\session.py", line 2017, in commit
    trans.commit(_to_root=True)
  File "<string>", line 2, in commit
  File "C:\Users\USER\AppData\Local\Packages\PythonSoftwareFoundation.Python.3.12_qbz5n2kfra8p0\LocalCache\local-packages\Python312\site-packages\sqlalchemy\orm\state_changes.py", line 139, in _go
    ret_value = fn(self, *arg, **kw)
                ^^^^^^^^^^^^^^^^^^^^
  File "C:\Users\USER\AppData\Local\Packages\PythonSoftwareFoundation.Python.3.12_qbz5n2kfra8p0\LocalCache\local-packages\Python312\site-packages\sqlalchemy\orm\session.py", line 1302, in commit
    self._prepare_impl()
  File "<string>", line 2, in _prepare_impl
  File "C:\Users\USER\AppData\Local\Packages\PythonSoftwareFoundation.Python.3.12_qbz5n2kfra8p0\LocalCache\local-packages\Python312\site-packages\sqlalchemy\orm\state_changes.py", line 139, in _go
    ret_value = fn(self, *arg, **kw)
                ^^^^^^^^^^^^^^^^^^^^
  File "C:\Users\USER\AppData\Local\Packages\PythonSoftwareFoundation.Python.3.12_qbz5n2kfra8p0\LocalCache\local-packages\Python312\site-packages\sqlalchemy\orm\session.py", line 1277, in _prepare_impl
    self.session.flush()
  File "C:\Users\USER\AppData\Local\Packages\PythonSoftwareFoundation.Python.3.12_qbz5n2kfra8p0\LocalCache\local-packages\Python312\site-packages\sqlalchemy\orm\session.py", line 4341, in flush
    self._flush(objects)
  File "C:\Users\USER\AppData\Local\Packages\PythonSoftwareFoundation.Python.3.12_qbz5n2kfra8p0\LocalCache\local-packages\Python312\site-packages\sqlalchemy\orm\session.py", line 4476, in _flush
    with util.safe_reraise():
  File "C:\Users\USER\AppData\Local\Packages\PythonSoftwareFoundation.Python.3.12_qbz5n2kfra8p0\LocalCache\local-packages\Python312\site-packages\sqlalchemy\util\langhelpers.py", line 146, in __exit__
    raise exc_value.with_traceback(exc_tb)
  File "C:\Users\USER\AppData\Local\Packages\PythonSoftwareFoundation.Python.3.12_qbz5n2kfra8p0\LocalCache\local-packages\Python312\site-packages\sqlalchemy\orm\session.py", line 4437, in _flush
    flush_context.execute()
  File "C:\Users\USER\AppData\Local\Packages\PythonSoftwareFoundation.Python.3.12_qbz5n2kfra8p0\LocalCache\local-packages\Python312\site-packages\sqlalchemy\orm\unitofwork.py", line 466, in execute
    rec.execute(self)
  File "C:\Users\USER\AppData\Local\Packages\PythonSoftwareFoundation.Python.3.12_qbz5n2kfra8p0\LocalCache\local-packages\Python312\site-packages\sqlalchemy\orm\unitofwork.py", line 642, in execute
    util.preloaded.orm_persistence.save_obj(
  File "C:\Users\USER\AppData\Local\Packages\PythonSoftwareFoundation.Python.3.12_qbz5n2kfra8p0\LocalCache\local-packages\Python312\site-packages\sqlalchemy\orm\persistence.py", line 93, in save_obj
    _emit_insert_statements(
  File "C:\Users\USER\AppData\Local\Packages\PythonSoftwareFoundation.Python.3.12_qbz5n2kfra8p0\LocalCache\local-packages\Python312\site-packages\sqlalchemy\orm\persistence.py", line 1233, in _emit_insert_statements
    result = connection.execute(
             ^^^^^^^^^^^^^^^^^^^
  File "C:\Users\USER\AppData\Local\Packages\PythonSoftwareFoundation.Python.3.12_qbz5n2kfra8p0\LocalCache\local-packages\Python312\site-packages\sqlalchemy\engine\base.py", line 1418, in execute
    return meth(
           ^^^^^
  File "C:\Users\USER\AppData\Local\Packages\PythonSoftwareFoundation.Python.3.12_qbz5n2kfra8p0\LocalCache\local-packages\Python312\site-packages\sqlalchemy\sql\elements.py", line 515, in _execute_on_connection
    return connection._execute_clauseelement(
           ^^^^^^^^^^^^^^^^^^^^^^^^^^^^^^^^^^
  File "C:\Users\USER\AppData\Local\Packages\PythonSoftwareFoundation.Python.3.12_qbz5n2kfra8p0\LocalCache\local-packages\Python312\site-packages\sqlalchemy\engine\base.py", line 1640, in _execute_clauseelement
    ret = self._execute_context(
          ^^^^^^^^^^^^^^^^^^^^^^
  File "C:\Users\USER\AppData\Local\Packages\PythonSoftwareFoundation.Python.3.12_qbz5n2kfra8p0\LocalCache\local-packages\Python312\site-packages\sqlalchemy\engine\base.py", line 1846, in _execute_context
    return self._exec_single_context(
           ^^^^^^^^^^^^^^^^^^^^^^^^^^
  File "C:\Users\USER\AppData\Local\Packages\PythonSoftwareFoundation.Python.3.12_qbz5n2kfra8p0\LocalCache\local-packages\Python312\site-packages\sqlalchemy\engine\base.py", line 1986, in _exec_single_context
    self._handle_dbapi_exception(
  File "C:\Users\USER\AppData\Local\Packages\PythonSoftwareFoundation.Python.3.12_qbz5n2kfra8p0\LocalCache\local-packages\Python312\site-packages\sqlalchemy\engine\base.py", line 2353, in _handle_dbapi_exception
    raise sqlalchemy_exception.with_traceback(exc_info[2]) from e
  File "C:\Users\USER\AppData\Local\Packages\PythonSoftwareFoundation.Python.3.12_qbz5n2kfra8p0\LocalCache\local-packages\Python312\site-packages\sqlalchemy\engine\base.py", line 1967, in _exec_single_context
    self.dialect.do_execute(
  File "C:\Users\USER\AppData\Local\Packages\PythonSoftwareFoundation.Python.3.12_qbz5n2kfra8p0\LocalCache\local-packages\Python312\site-packages\sqlalchemy\engine\default.py", line 924, in do_execute
    cursor.execute(statement, parameters)
  File "C:\Users\USER\AppData\Local\Packages\PythonSoftwareFoundation.Python.3.12_qbz5n2kfra8p0\LocalCache\local-packages\Python312\site-packages\MySQLdb\cursors.py", line 179, in execute
    res = self._query(mogrified_query)
          ^^^^^^^^^^^^^^^^^^^^^^^^^^^^
  File "C:\Users\USER\AppData\Local\Packages\PythonSoftwareFoundation.Python.3.12_qbz5n2kfra8p0\LocalCache\local-packages\Python312\site-packages\MySQLdb\cursors.py", line 330, in _query
    db.query(q)
  File "C:\Users\USER\AppData\Local\Packages\PythonSoftwareFoundation.Python.3.12_qbz5n2kfra8p0\LocalCache\local-packages\Python312\site-packages\MySQLdb\connections.py", line 261, in query
    _mysql.connection.query(self, query)
sqlalchemy.exc.IntegrityError: (MySQLdb.IntegrityError) (1062, "Duplicate entry 'embroconnect3@gmail.com' for key 'user_profile.email'")
[SQL: INSERT INTO user_profile (regno, name, email, phone, department, address, level, password) VALUES (%s, %s, %s, %s, %s, %s, %s, %s)]
[parameters: ('2022/123456', 'chijioke', 'embroconnect3@gmail.com', '07088099773', 'statistics', 'hilltop', '200', '08023029886')]
(Background on this error at: https://sqlalche.me/e/20/gkpj)
INFO:werkzeug:127.0.0.1 - - [15/May/2024 11:29:39] "[35m[1mPOST /add_user HTTP/1.1[0m" 500 -
INFO:werkzeug:127.0.0.1 - - [15/May/2024 11:29:57] "POST /login HTTP/1.1" 200 -
INFO:werkzeug:127.0.0.1 - - [15/May/2024 11:29:57] "GET /dashboard HTTP/1.1" 200 -
INFO:werkzeug:127.0.0.1 - - [15/May/2024 11:29:57] "[33mGET /dashboard.css HTTP/1.1[0m" 404 -
INFO:werkzeug:127.0.0.1 - - [15/May/2024 11:29:57] "[33mGET /scripts.js HTTP/1.1[0m" 404 -
INFO:werkzeug:127.0.0.1 - - [15/May/2024 11:29:57] "[36mGET /static/dashboard.css HTTP/1.1[0m" 304 -
INFO:werkzeug:127.0.0.1 - - [15/May/2024 11:29:57] "[33mGET /dashboard.js HTTP/1.1[0m" 404 -
INFO:werkzeug:127.0.0.1 - - [15/May/2024 11:29:57] "[36mGET /static/scripts.js HTTP/1.1[0m" 304 -
INFO:werkzeug:127.0.0.1 - - [15/May/2024 11:29:57] "[36mGET /static/dashboard.js HTTP/1.1[0m" 304 -
INFO:werkzeug:127.0.0.1 - - [15/May/2024 11:29:57] "[31m[1mGET /get_items HTTP/1.1[0m" 401 -
